{"/Users/adleysalabi/Documents/GitHub/tp-2021/chat.js":{"path":"/Users/adleysalabi/Documents/GitHub/tp-2021/chat.js","s":{"1":1,"2":1,"3":1,"4":1,"5":1,"6":0,"7":0,"8":0,"9":0,"10":0,"11":0,"12":0,"13":0,"14":1,"15":0,"16":0,"17":1,"18":0,"19":0,"20":1,"21":0,"22":0,"23":0,"24":0,"25":1,"26":1,"27":1,"28":1,"29":1},"b":{"1":[0,0],"2":[0,0]},"f":{},"fnMap":{},"statementMap":{"1":{"start":{"line":1,"column":0},"end":{"line":1,"column":17}},"2":{"start":{"line":3,"column":0},"end":{"line":9,"column":2}},"3":{"start":{"line":3,"column":29},"end":{"line":9,"column":1}},"4":{"start":{"line":5,"column":2},"end":{"line":8,"column":5}},"5":{"start":{"line":12,"column":0},"end":{"line":27,"column":2}},"6":{"start":{"line":12,"column":26},"end":{"line":27,"column":1}},"7":{"start":{"line":13,"column":2},"end":{"line":13,"column":31}},"8":{"start":{"line":13,"column":24},"end":{"line":13,"column":31}},"9":{"start":{"line":16,"column":2},"end":{"line":16,"column":29}},"10":{"start":{"line":17,"column":2},"end":{"line":17,"column":13}},"11":{"start":{"line":18,"column":2},"end":{"line":18,"column":26}},"12":{"start":{"line":19,"column":2},"end":{"line":21,"column":5}},"13":{"start":{"line":23,"column":2},"end":{"line":26,"column":5}},"14":{"start":{"line":30,"column":0},"end":{"line":34,"column":2}},"15":{"start":{"line":30,"column":25},"end":{"line":34,"column":1}},"16":{"start":{"line":31,"column":2},"end":{"line":33,"column":5}},"17":{"start":{"line":37,"column":0},"end":{"line":41,"column":2}},"18":{"start":{"line":37,"column":29},"end":{"line":41,"column":1}},"19":{"start":{"line":38,"column":2},"end":{"line":40,"column":5}},"20":{"start":{"line":44,"column":0},"end":{"line":55,"column":2}},"21":{"start":{"line":44,"column":29},"end":{"line":55,"column":1}},"22":{"start":{"line":45,"column":2},"end":{"line":54,"column":3}},"23":{"start":{"line":46,"column":4},"end":{"line":46,"column":15}},"24":{"start":{"line":49,"column":4},"end":{"line":53,"column":7}},"25":{"start":{"line":57,"column":0},"end":{"line":57,"column":32}},"26":{"start":{"line":58,"column":0},"end":{"line":58,"column":26}},"27":{"start":{"line":59,"column":0},"end":{"line":59,"column":24}},"28":{"start":{"line":60,"column":0},"end":{"line":60,"column":32}},"29":{"start":{"line":61,"column":0},"end":{"line":61,"column":32}}},"branchMap":{"1":{"line":13,"type":"if","locations":[{"start":{"line":13,"column":2},"end":{"line":13,"column":2}},{"start":{"line":13,"column":2},"end":{"line":13,"column":2}}]},"2":{"line":45,"type":"if","locations":[{"start":{"line":45,"column":2},"end":{"line":45,"column":2}},{"start":{"line":45,"column":2},"end":{"line":45,"column":2}}]}}}}